{
"/Users/ryanbrady/Projects/Personal/polyflix/server/node/api/models/Movie.js":{"path":"/Users/ryanbrady/Projects/Personal/polyflix/server/node/api/models/Movie.js","s":{"1":1},"b":{},"f":{},"fnMap":{},"statementMap":{"1":{"start":{"line":10,"column":0},"end":{"line":22,"column":2}}},"branchMap":{},"l":{"10":1}},
"/Users/ryanbrady/Projects/Personal/polyflix/server/node/api/controllers/MovieController.js":{"path":"/Users/ryanbrady/Projects/Personal/polyflix/server/node/api/controllers/MovieController.js","s":{"1":1,"2":1,"3":1,"4":1,"5":1,"6":1,"7":1,"8":1},"b":{},"f":{"1":1,"2":1,"3":1,"4":1},"fnMap":{"1":{"name":"(anonymous_1)","line":15,"loc":{"start":{"line":15,"column":9},"end":{"line":15,"column":29}}},"2":{"name":"(anonymous_2)","line":17,"loc":{"start":{"line":17,"column":35},"end":{"line":17,"column":58}}},"3":{"name":"(anonymous_3)","line":21,"loc":{"start":{"line":21,"column":8},"end":{"line":21,"column":27}}},"4":{"name":"(anonymous_4)","line":23,"loc":{"start":{"line":23,"column":35},"end":{"line":23,"column":58}}}},"statementMap":{"1":{"start":{"line":12,"column":1},"end":{"line":12,"column":59}},"2":{"start":{"line":14,"column":0},"end":{"line":27,"column":2}},"3":{"start":{"line":16,"column":4},"end":{"line":16,"column":29}},"4":{"start":{"line":17,"column":4},"end":{"line":19,"column":11}},"5":{"start":{"line":18,"column":10},"end":{"line":18,"column":29}},"6":{"start":{"line":22,"column":4},"end":{"line":22,"column":34}},"7":{"start":{"line":23,"column":4},"end":{"line":25,"column":11}},"8":{"start":{"line":24,"column":10},"end":{"line":24,"column":29}}},"branchMap":{},"l":{"12":1,"14":1,"16":1,"17":1,"18":1,"22":1,"23":1,"24":1}}}
