TN:
SF:/Users/ryanbrady/Projects/Personal/polyflix/server/node/api/models/Movie.js
FNF:0
FNH:0
DA:10,1
LF:1
LH:1
BRF:0
BRH:0
end_of_record
TN:
SF:/Users/ryanbrady/Projects/Personal/polyflix/server/node/api/controllers/MovieController.js
FN:15,(anonymous_1)
FN:17,(anonymous_2)
FN:21,(anonymous_3)
FN:23,(anonymous_4)
FNF:4
FNH:4
FNDA:1,(anonymous_1)
FNDA:1,(anonymous_2)
FNDA:1,(anonymous_3)
FNDA:1,(anonymous_4)
DA:12,1
DA:14,1
DA:16,1
DA:17,1
DA:18,1
DA:22,1
DA:23,1
DA:24,1
LF:8
LH:8
BRF:0
BRH:0
end_of_record
